TN:
SF:src/ascii-canvas.js
FN:13,module.exports.Canvas
FN:31,toString
FN:41,print
FNF:3
FNH:3
FNDA:39,module.exports.Canvas
FNDA:37,toString
FNDA:37,print
DA:1,1
DA:2,1
DA:3,1
DA:4,1
DA:5,1
DA:6,1
DA:7,1
DA:8,1
DA:9,1
DA:10,1
DA:11,1
DA:12,1
DA:13,1
DA:14,39
DA:15,39
DA:16,39
DA:17,39
DA:18,39
DA:19,39
DA:20,39
DA:21,39
DA:22,39
DA:23,39
DA:24,39
DA:25,39
DA:26,39
DA:27,39
DA:28,39
DA:29,39
DA:30,39
DA:31,39
DA:32,37
DA:33,37
DA:34,543
DA:35,15771
DA:36,15771
DA:37,543
DA:38,543
DA:39,37
DA:40,39
DA:41,39
DA:42,37
DA:43,37
DA:44,39
DA:45,1
LF:45
LH:45
BRDA:1,0,0,1
BRDA:13,1,0,39
BRDA:15,2,0,1
BRDA:17,3,0,2
BRDA:18,4,0,3
BRDA:19,5,0,37
BRDA:31,6,0,37
BRDA:33,7,0,543
BRDA:34,8,0,15771
BRDA:41,9,0,37
BRF:10
BRH:10
end_of_record
TN:
SF:src/circle.js
FN:14,module.exports
FN:32,printDivider
FN:42,printBorder
FN:46,printBoard
FNF:4
FNH:4
FNDA:18,module.exports
FNDA:16,printDivider
FNDA:16,printBorder
FNDA:16,printBoard
DA:1,1
DA:2,1
DA:3,1
DA:4,1
DA:5,1
DA:6,1
DA:7,1
DA:8,1
DA:9,1
DA:10,1
DA:11,1
DA:12,1
DA:13,1
DA:14,1
DA:15,18
DA:16,18
DA:17,18
DA:18,18
DA:19,18
DA:20,18
DA:21,18
DA:22,18
DA:23,18
DA:24,18
DA:25,18
DA:26,18
DA:27,18
DA:28,18
DA:29,18
DA:30,18
DA:31,18
DA:32,18
DA:33,16
DA:34,16
DA:35,16
DA:36,16
DA:37,966
DA:38,966
DA:39,16
DA:40,18
DA:41,18
DA:42,18
DA:43,16
DA:44,18
DA:45,18
DA:46,18
DA:47,16
DA:48,16
DA:49,16
DA:50,16
DA:51,16
DA:52,16
DA:53,93
DA:54,93
DA:55,93
DA:56,93
DA:57,14
DA:58,14
DA:59,14
DA:60,461
DA:61,461
DA:62,14
DA:63,14
DA:64,14
DA:65,14
DA:66,93
DA:67,66
DA:68,29
DA:69,29
DA:70,132
DA:71,132
DA:72,132
DA:73,29
DA:74,66
DA:75,93
DA:76,2718
DA:77,79
DA:78,79
DA:79,2718
DA:80,2718
DA:81,2718
DA:82,79
DA:83,79
DA:84,79
DA:85,16
DA:86,18
DA:87,1
LF:87
LH:87
BRDA:1,0,0,1
BRDA:14,1,0,18
BRDA:16,2,0,1
BRDA:18,3,0,2
BRDA:32,4,0,16
BRDA:36,5,0,966
BRDA:42,6,0,16
BRDA:46,7,0,16
BRDA:52,8,0,93
BRDA:56,9,0,14
BRDA:59,10,0,461
BRDA:66,11,0,79
BRDA:66,12,0,66
BRDA:67,13,0,29
BRDA:69,14,0,132
BRDA:75,15,0,79
BRDA:75,16,0,2718
BRDA:76,17,0,79
BRDA:77,18,0,40
BRDA:77,19,0,39
BRDA:79,20,0,1268
BRDA:79,21,0,1450
BRDA:80,22,0,1440
BRDA:80,23,0,1278
BRDA:82,24,0,79
BRF:25
BRH:25
end_of_record
TN:
SF:src/hexagon.js
FN:15,module.exports
FN:35,printBorder
FN:44,printBoard
FNF:3
FNH:3
FNDA:21,module.exports
FNDA:1,printBorder
FNDA:19,printBoard
DA:1,1
DA:2,1
DA:3,1
DA:4,1
DA:5,1
DA:6,1
DA:7,1
DA:8,1
DA:9,1
DA:10,1
DA:11,1
DA:12,1
DA:13,1
DA:14,1
DA:15,1
DA:16,21
DA:17,21
DA:18,21
DA:19,21
DA:20,21
DA:21,21
DA:22,21
DA:23,21
DA:24,21
DA:25,21
DA:26,21
DA:27,21
DA:28,21
DA:29,21
DA:30,21
DA:31,21
DA:32,21
DA:33,21
DA:34,21
DA:35,21
DA:36,1
DA:37,1
DA:38,1
DA:39,10
DA:40,10
DA:41,1
DA:42,21
DA:43,21
DA:44,21
DA:45,19
DA:46,19
DA:47,19
DA:48,19
DA:49,111
DA:50,111
DA:51,1190
DA:52,1190
DA:53,1190
DA:54,1190
DA:55,1172
DA:56,1172
DA:57,1172
DA:58,1172
DA:59,1172
DA:60,1172
DA:61,1172
DA:62,1172
DA:63,564
DA:64,564
DA:65,564
DA:66,564
DA:67,564
DA:68,564
DA:69,1172
DA:70,1172
DA:71,23
DA:72,23
DA:73,1172
DA:74,1172
DA:75,783
DA:76,783
DA:77,1172
DA:78,1172
DA:79,784
DA:80,784
DA:81,1172
DA:82,1172
DA:83,804
DA:84,804
DA:85,1172
DA:86,1172
DA:87,804
DA:88,804
DA:89,1172
DA:90,1172
DA:91,783
DA:92,783
DA:93,1172
DA:94,1172
DA:95,784
DA:96,784
DA:97,1172
DA:98,1172
DA:99,1190
DA:100,111
DA:101,19
DA:102,19
DA:103,19
DA:104,21
DA:105,1
LF:105
LH:105
BRDA:1,0,0,1
BRDA:15,1,0,21
BRDA:17,2,0,1
BRDA:19,3,0,2
BRDA:20,4,0,2
BRDA:35,5,0,1
BRDA:38,6,0,10
BRDA:39,7,0,1
BRDA:39,8,0,9
BRDA:44,9,0,19
BRDA:48,10,0,111
BRDA:50,11,0,1190
BRDA:54,12,0,1172
BRDA:62,13,0,564
BRDA:70,14,0,23
BRDA:74,15,0,783
BRDA:78,16,0,784
BRDA:82,17,0,804
BRDA:86,18,0,804
BRDA:90,19,0,783
BRDA:94,20,0,784
BRF:21
BRH:21
end_of_record
TN:
SF:src/index.js
FN:17,createMaze
FNF:1
FNH:1
FNDA:1,createMaze
DA:1,5
DA:2,5
DA:3,5
DA:4,5
DA:5,5
DA:6,5
DA:7,5
DA:8,5
DA:9,5
DA:10,5
DA:11,5
DA:12,5
DA:13,5
DA:14,5
DA:15,5
DA:16,5
DA:17,5
DA:18,1
DA:19,1
DA:20,5
DA:21,5
DA:22,5
DA:23,5
DA:24,5
DA:25,5
DA:26,5
DA:27,5
DA:28,5
DA:29,5
LF:29
LH:29
BRDA:1,0,0,5
BRDA:17,1,0,1
BRF:2
BRH:2
end_of_record
TN:
SF:src/triangle.js
FN:15,module.exports
FN:35,printBorder
FN:44,printBoard
FNF:3
FNH:3
FNDA:18,module.exports
FNDA:1,printBorder
FNDA:15,printBoard
DA:1,1
DA:2,1
DA:3,1
DA:4,1
DA:5,1
DA:6,1
DA:7,1
DA:8,1
DA:9,1
DA:10,1
DA:11,1
DA:12,1
DA:13,1
DA:14,1
DA:15,1
DA:16,18
DA:17,18
DA:18,18
DA:19,18
DA:20,18
DA:21,18
DA:22,18
DA:23,18
DA:24,18
DA:25,18
DA:26,18
DA:27,18
DA:28,18
DA:29,18
DA:30,18
DA:31,18
DA:32,18
DA:33,18
DA:34,18
DA:35,18
DA:36,1
DA:37,1
DA:38,1
DA:39,10
DA:40,10
DA:41,1
DA:42,18
DA:43,18
DA:44,18
DA:45,15
DA:46,15
DA:47,15
DA:48,15
DA:49,15
DA:50,15
DA:51,15
DA:52,15
DA:53,90
DA:54,1123
DA:55,1123
DA:56,1123
DA:57,1123
DA:58,1123
DA:59,1123
DA:60,1123
DA:61,1123
DA:62,1123
DA:63,1123
DA:64,1123
DA:65,1123
DA:66,1123
DA:67,1123
DA:68,1123
DA:69,1100
DA:70,1100
DA:71,553
DA:72,553
DA:73,553
DA:74,553
DA:75,553
DA:76,553
DA:77,198
DA:78,198
DA:79,198
DA:80,553
DA:81,553
DA:82,184
DA:83,184
DA:84,184
DA:85,553
DA:86,553
DA:87,200
DA:88,200
DA:89,200
DA:90,553
DA:91,1100
DA:92,547
DA:93,547
DA:94,547
DA:95,547
DA:96,547
DA:97,547
DA:98,547
DA:99,51
DA:100,51
DA:101,51
DA:102,51
DA:103,51
DA:104,547
DA:105,547
DA:106,547
DA:107,39
DA:108,39
DA:109,39
DA:110,39
DA:111,547
DA:112,547
DA:113,547
DA:114,43
DA:115,43
DA:116,43
DA:117,43
DA:118,547
DA:119,1100
DA:120,1123
DA:121,90
DA:122,15
DA:123,15
DA:124,15
DA:125,18
DA:126,1
LF:126
LH:126
BRDA:1,0,0,1
BRDA:15,1,0,18
BRDA:17,2,0,1
BRDA:19,3,0,2
BRDA:20,4,0,2
BRDA:35,5,0,1
BRDA:38,6,0,10
BRDA:39,7,0,1
BRDA:39,8,0,9
BRDA:44,9,0,15
BRDA:52,10,0,90
BRDA:53,11,0,1123
BRDA:61,12,0,563
BRDA:61,13,0,560
BRDA:68,14,0,1100
BRDA:70,15,0,553
BRDA:76,16,0,198
BRDA:81,17,0,184
BRDA:86,18,0,200
BRDA:91,19,0,547
BRDA:98,20,0,51
BRDA:106,21,0,263
BRDA:106,22,0,39
BRDA:113,23,0,43
BRF:24
BRH:24
end_of_record
